<?xml version="1.0"?>
<!DOCTYPE coverage SYSTEM "http://cobertura.sourceforge.net/xml/coverage-04.dtd">
<coverage line-rate="0.9163987138263665" branch-rate="1.0000000000000000" lines-covered="285" lines-valid="311" branches-covered="0" branches-valid="0" complexity="0.0" timestamp="1572690065" version="Slather 2.4.6">
  <sources>
    <source>/Users/keefertaylor/TezosCrypto</source>
  </sources>
  <packages>
    <package name="TezosCrypto" line-rate="0.9319727891156463" branch-rate="1.0000000000000000" complexity="0.0">
      <classes>
        <class name="Base58+TezosCrypto" filename="TezosCrypto/Base58+TezosCrypto.swift" line-rate="1.0000000000000000" branch-rate="1.0000000000000000" complexity="0.0">
          <methods/>
          <lines>
            <line number="11" branch="false" hits="10"/>
            <line number="12" branch="false" hits="10"/>
            <line number="13" branch="false" hits="10"/>
            <line number="14" branch="false" hits="10"/>
            <line number="23" branch="false" hits="4"/>
            <line number="24" branch="false" hits="4"/>
            <line number="25" branch="false" hits="4"/>
            <line number="26" branch="false" hits="2"/>
            <line number="27" branch="false" hits="2"/>
            <line number="28" branch="false" hits="2"/>
            <line number="29" branch="false" hits="4"/>
          </lines>
        </class>
        <class name="KeyPair" filename="TezosCrypto/KeyPair.swift" line-rate="0.0000000000000000" branch-rate="1.0000000000000000" complexity="0.0">
          <methods/>
          <lines>
            <line number="14" branch="false" hits="0"/>
            <line number="15" branch="false" hits="0"/>
            <line number="16" branch="false" hits="0"/>
            <line number="18" branch="false" hits="0"/>
            <line number="19" branch="false" hits="0"/>
            <line number="20" branch="false" hits="0"/>
          </lines>
        </class>
        <class name="PublicKey" filename="TezosCrypto/PublicKey.swift" line-rate="0.9629629629629629" branch-rate="1.0000000000000000" complexity="0.0">
          <methods/>
          <lines>
            <line number="16" branch="false" hits="4"/>
            <line number="17" branch="false" hits="4"/>
            <line number="18" branch="false" hits="4"/>
            <line number="21" branch="false" hits="1"/>
            <line number="22" branch="false" hits="1"/>
            <line number="23" branch="false" hits="1"/>
            <line number="24" branch="false" hits="1"/>
            <line number="25" branch="false" hits="1"/>
            <line number="26" branch="false" hits="1"/>
            <line number="27" branch="false" hits="1"/>
            <line number="28" branch="false" hits="1"/>
            <line number="29" branch="false" hits="1"/>
            <line number="30" branch="false" hits="1"/>
            <line number="31" branch="false" hits="1"/>
            <line number="34" branch="false" hits="1"/>
            <line number="35" branch="false" hits="1"/>
            <line number="36" branch="false" hits="1"/>
            <line number="37" branch="false" hits="1"/>
            <line number="42" branch="false" hits="2"/>
            <line number="43" branch="false" hits="2"/>
            <line number="44" branch="false" hits="1"/>
            <line number="45" branch="false" hits="1"/>
            <line number="46" branch="false" hits="1"/>
            <line number="47" branch="false" hits="1"/>
            <line number="50" branch="false" hits="5"/>
            <line number="51" branch="false" hits="5"/>
            <line number="52" branch="false" hits="5"/>
            <line number="53" branch="false" hits="5"/>
            <line number="62" branch="false" hits="3"/>
            <line number="63" branch="false" hits="3"/>
            <line number="64" branch="false" hits="0"/>
            <line number="65" branch="false" hits="3"/>
            <line number="66" branch="false" hits="3"/>
            <line number="67" branch="false" hits="3"/>
            <line number="76" branch="false" hits="3"/>
            <line number="77" branch="false" hits="3"/>
            <line number="78" branch="false" hits="0"/>
            <line number="79" branch="false" hits="3"/>
            <line number="80" branch="false" hits="3"/>
            <line number="81" branch="false" hits="3"/>
            <line number="82" branch="false" hits="3"/>
            <line number="83" branch="false" hits="3"/>
            <line number="84" branch="false" hits="3"/>
            <line number="85" branch="false" hits="3"/>
            <line number="88" branch="false" hits="3"/>
            <line number="89" branch="false" hits="3"/>
            <line number="90" branch="false" hits="3"/>
            <line number="91" branch="false" hits="3"/>
            <line number="95" branch="false" hits="1"/>
            <line number="96" branch="false" hits="1"/>
            <line number="97" branch="false" hits="1"/>
            <line number="101" branch="false" hits="1"/>
            <line number="102" branch="false" hits="1"/>
            <line number="103" branch="false" hits="1"/>
          </lines>
        </class>
        <class name="SecretKey" filename="TezosCrypto/SecretKey.swift" line-rate="0.9791666666666666" branch-rate="1.0000000000000000" complexity="0.0">
          <methods/>
          <lines>
            <line number="14" branch="false" hits="4"/>
            <line number="15" branch="false" hits="4"/>
            <line number="16" branch="false" hits="4"/>
            <line number="24" branch="false" hits="9"/>
            <line number="25" branch="false" hits="9"/>
            <line number="26" branch="false" hits="1"/>
            <line number="27" branch="false" hits="8"/>
            <line number="28" branch="false" hits="8"/>
            <line number="29" branch="false" hits="8"/>
            <line number="34" branch="false" hits="9"/>
            <line number="35" branch="false" hits="9"/>
            <line number="36" branch="false" hits="9"/>
            <line number="37" branch="false" hits="1"/>
            <line number="38" branch="false" hits="8"/>
            <line number="39" branch="false" hits="8"/>
            <line number="40" branch="false" hits="8"/>
            <line number="45" branch="false" hits="2"/>
            <line number="46" branch="false" hits="2"/>
            <line number="47" branch="false" hits="1"/>
            <line number="48" branch="false" hits="1"/>
            <line number="49" branch="false" hits="1"/>
            <line number="50" branch="false" hits="1"/>
            <line number="53" branch="false" hits="9"/>
            <line number="54" branch="false" hits="9"/>
            <line number="55" branch="false" hits="9"/>
            <line number="63" branch="false" hits="3"/>
            <line number="64" branch="false" hits="3"/>
            <line number="65" branch="false" hits="1"/>
            <line number="66" branch="false" hits="2"/>
            <line number="67" branch="false" hits="2"/>
            <line number="68" branch="false" hits="3"/>
            <line number="76" branch="false" hits="2"/>
            <line number="77" branch="false" hits="2"/>
            <line number="78" branch="false" hits="2"/>
            <line number="79" branch="false" hits="0"/>
            <line number="80" branch="false" hits="2"/>
            <line number="81" branch="false" hits="2"/>
            <line number="82" branch="false" hits="2"/>
            <line number="85" branch="false" hits="2"/>
            <line number="86" branch="false" hits="2"/>
            <line number="87" branch="false" hits="2"/>
            <line number="88" branch="false" hits="2"/>
            <line number="92" branch="false" hits="1"/>
            <line number="93" branch="false" hits="1"/>
            <line number="94" branch="false" hits="1"/>
            <line number="98" branch="false" hits="1"/>
            <line number="99" branch="false" hits="1"/>
            <line number="100" branch="false" hits="1"/>
          </lines>
        </class>
        <class name="TezosCryptoUtils" filename="TezosCrypto/TezosCryptoUtils.swift" line-rate="0.9642857142857143" branch-rate="1.0000000000000000" complexity="0.0">
          <methods/>
          <lines>
            <line number="12" branch="false" hits="5"/>
            <line number="13" branch="false" hits="5"/>
            <line number="14" branch="false" hits="5"/>
            <line number="15" branch="false" hits="2"/>
            <line number="16" branch="false" hits="3"/>
            <line number="17" branch="false" hits="3"/>
            <line number="18" branch="false" hits="3"/>
            <line number="19" branch="false" hits="5"/>
            <line number="20" branch="false" hits="5"/>
            <line number="24" branch="false" hits="3"/>
            <line number="27" branch="false" hits="2"/>
            <line number="28" branch="false" hits="2"/>
            <line number="29" branch="false" hits="2"/>
            <line number="32" branch="false" hits="1"/>
            <line number="33" branch="false" hits="1"/>
            <line number="34" branch="false" hits="1"/>
            <line number="37" branch="false" hits="1"/>
            <line number="38" branch="false" hits="1"/>
            <line number="39" branch="false" hits="1"/>
            <line number="42" branch="false" hits="1"/>
            <line number="43" branch="false" hits="1"/>
            <line number="44" branch="false" hits="0"/>
            <line number="45" branch="false" hits="1"/>
            <line number="46" branch="false" hits="1"/>
            <line number="47" branch="false" hits="1"/>
            <line number="50" branch="false" hits="1"/>
            <line number="51" branch="false" hits="1"/>
            <line number="52" branch="false" hits="1"/>
          </lines>
        </class>
      </classes>
    </package>
    <package name="TezosCryptoTests" line-rate="0.9024390243902439" branch-rate="1.0000000000000000" complexity="0.0">
      <classes>
        <class name="PublicKeyTests" filename="TezosCryptoTests/PublicKeyTests.swift" line-rate="0.8550724637681160" branch-rate="1.0000000000000000" complexity="0.0">
          <methods/>
          <lines>
            <line number="8" branch="false" hits="1"/>
            <line number="9" branch="false" hits="1"/>
            <line number="10" branch="false" hits="0"/>
            <line number="11" branch="false" hits="0"/>
            <line number="12" branch="false" hits="1"/>
            <line number="13" branch="false" hits="1"/>
            <line number="14" branch="false" hits="1"/>
            <line number="15" branch="false" hits="1"/>
            <line number="16" branch="false" hits="1"/>
            <line number="17" branch="false" hits="1"/>
            <line number="18" branch="false" hits="1"/>
            <line number="19" branch="false" hits="1"/>
            <line number="21" branch="false" hits="1"/>
            <line number="22" branch="false" hits="1"/>
            <line number="23" branch="false" hits="0"/>
            <line number="24" branch="false" hits="0"/>
            <line number="25" branch="false" hits="1"/>
            <line number="26" branch="false" hits="1"/>
            <line number="27" branch="false" hits="1"/>
            <line number="28" branch="false" hits="1"/>
            <line number="29" branch="false" hits="1"/>
            <line number="30" branch="false" hits="1"/>
            <line number="31" branch="false" hits="1"/>
            <line number="32" branch="false" hits="1"/>
            <line number="34" branch="false" hits="1"/>
            <line number="35" branch="false" hits="1"/>
            <line number="36" branch="false" hits="1"/>
            <line number="37" branch="false" hits="1"/>
            <line number="38" branch="false" hits="1"/>
            <line number="39" branch="false" hits="1"/>
            <line number="40" branch="false" hits="0"/>
            <line number="41" branch="false" hits="0"/>
            <line number="42" branch="false" hits="1"/>
            <line number="43" branch="false" hits="1"/>
            <line number="44" branch="false" hits="1"/>
            <line number="45" branch="false" hits="1"/>
            <line number="46" branch="false" hits="1"/>
            <line number="48" branch="false" hits="1"/>
            <line number="49" branch="false" hits="1"/>
            <line number="50" branch="false" hits="1"/>
            <line number="51" branch="false" hits="1"/>
            <line number="52" branch="false" hits="1"/>
            <line number="54" branch="false" hits="1"/>
            <line number="55" branch="false" hits="1"/>
            <line number="56" branch="false" hits="1"/>
            <line number="57" branch="false" hits="1"/>
            <line number="58" branch="false" hits="1"/>
            <line number="59" branch="false" hits="1"/>
            <line number="60" branch="false" hits="0"/>
            <line number="61" branch="false" hits="0"/>
            <line number="62" branch="false" hits="1"/>
            <line number="63" branch="false" hits="1"/>
            <line number="64" branch="false" hits="1"/>
            <line number="65" branch="false" hits="1"/>
            <line number="66" branch="false" hits="1"/>
            <line number="67" branch="false" hits="0"/>
            <line number="68" branch="false" hits="0"/>
            <line number="69" branch="false" hits="1"/>
            <line number="70" branch="false" hits="1"/>
            <line number="71" branch="false" hits="1"/>
            <line number="72" branch="false" hits="1"/>
            <line number="73" branch="false" hits="1"/>
            <line number="74" branch="false" hits="1"/>
            <line number="75" branch="false" hits="1"/>
            <line number="76" branch="false" hits="1"/>
            <line number="77" branch="false" hits="1"/>
            <line number="78" branch="false" hits="1"/>
            <line number="79" branch="false" hits="1"/>
            <line number="80" branch="false" hits="1"/>
          </lines>
        </class>
        <class name="SecretKeyTests" filename="TezosCryptoTests/SecretKeyTests.swift" line-rate="0.8947368421052632" branch-rate="1.0000000000000000" complexity="0.0">
          <methods/>
          <lines>
            <line number="8" branch="false" hits="1"/>
            <line number="9" branch="false" hits="1"/>
            <line number="10" branch="false" hits="0"/>
            <line number="11" branch="false" hits="0"/>
            <line number="12" branch="false" hits="1"/>
            <line number="13" branch="false" hits="1"/>
            <line number="14" branch="false" hits="1"/>
            <line number="15" branch="false" hits="1"/>
            <line number="16" branch="false" hits="1"/>
            <line number="17" branch="false" hits="1"/>
            <line number="18" branch="false" hits="1"/>
            <line number="20" branch="false" hits="1"/>
            <line number="21" branch="false" hits="1"/>
            <line number="22" branch="false" hits="1"/>
            <line number="23" branch="false" hits="1"/>
            <line number="24" branch="false" hits="1"/>
            <line number="25" branch="false" hits="1"/>
            <line number="26" branch="false" hits="0"/>
            <line number="27" branch="false" hits="0"/>
            <line number="28" branch="false" hits="1"/>
            <line number="29" branch="false" hits="1"/>
            <line number="30" branch="false" hits="1"/>
            <line number="31" branch="false" hits="1"/>
            <line number="33" branch="false" hits="1"/>
            <line number="34" branch="false" hits="1"/>
            <line number="35" branch="false" hits="1"/>
            <line number="36" branch="false" hits="1"/>
            <line number="37" branch="false" hits="1"/>
            <line number="39" branch="false" hits="1"/>
            <line number="40" branch="false" hits="1"/>
            <line number="41" branch="false" hits="1"/>
            <line number="42" branch="false" hits="1"/>
            <line number="43" branch="false" hits="1"/>
            <line number="45" branch="false" hits="1"/>
            <line number="46" branch="false" hits="1"/>
            <line number="47" branch="false" hits="1"/>
            <line number="48" branch="false" hits="1"/>
            <line number="50" branch="false" hits="1"/>
            <line number="51" branch="false" hits="1"/>
            <line number="52" branch="false" hits="1"/>
            <line number="53" branch="false" hits="0"/>
            <line number="54" branch="false" hits="0"/>
            <line number="55" branch="false" hits="1"/>
            <line number="56" branch="false" hits="1"/>
            <line number="57" branch="false" hits="1"/>
            <line number="58" branch="false" hits="1"/>
            <line number="59" branch="false" hits="1"/>
            <line number="60" branch="false" hits="1"/>
            <line number="61" branch="false" hits="1"/>
            <line number="62" branch="false" hits="1"/>
            <line number="63" branch="false" hits="1"/>
            <line number="64" branch="false" hits="1"/>
            <line number="65" branch="false" hits="1"/>
            <line number="67" branch="false" hits="1"/>
            <line number="68" branch="false" hits="1"/>
            <line number="69" branch="false" hits="1"/>
            <line number="70" branch="false" hits="1"/>
          </lines>
        </class>
        <class name="TezosCryptoTests" filename="TezosCryptoTests/TezosCryptoTests.swift" line-rate="1.0000000000000000" branch-rate="1.0000000000000000" complexity="0.0">
          <methods/>
          <lines>
            <line number="10" branch="false" hits="1"/>
            <line number="11" branch="false" hits="1"/>
            <line number="12" branch="false" hits="1"/>
            <line number="13" branch="false" hits="1"/>
            <line number="14" branch="false" hits="1"/>
            <line number="15" branch="false" hits="1"/>
            <line number="16" branch="false" hits="1"/>
            <line number="17" branch="false" hits="1"/>
            <line number="18" branch="false" hits="1"/>
            <line number="19" branch="false" hits="1"/>
            <line number="20" branch="false" hits="1"/>
            <line number="21" branch="false" hits="1"/>
            <line number="22" branch="false" hits="1"/>
            <line number="24" branch="false" hits="1"/>
            <line number="25" branch="false" hits="1"/>
            <line number="26" branch="false" hits="1"/>
            <line number="27" branch="false" hits="1"/>
            <line number="28" branch="false" hits="1"/>
            <line number="29" branch="false" hits="1"/>
            <line number="30" branch="false" hits="1"/>
            <line number="31" branch="false" hits="1"/>
            <line number="32" branch="false" hits="1"/>
            <line number="33" branch="false" hits="1"/>
            <line number="34" branch="false" hits="1"/>
            <line number="35" branch="false" hits="1"/>
            <line number="36" branch="false" hits="1"/>
            <line number="37" branch="false" hits="1"/>
            <line number="39" branch="false" hits="1"/>
            <line number="40" branch="false" hits="1"/>
            <line number="41" branch="false" hits="1"/>
            <line number="43" branch="false" hits="1"/>
            <line number="44" branch="false" hits="1"/>
            <line number="45" branch="false" hits="1"/>
            <line number="47" branch="false" hits="1"/>
            <line number="48" branch="false" hits="1"/>
            <line number="49" branch="false" hits="1"/>
            <line number="50" branch="false" hits="1"/>
            <line number="51" branch="false" hits="1"/>
          </lines>
        </class>
      </classes>
    </package>
  </packages>
</coverage>
